Feb 07, 2023 9:00:41 PM application.bookstore.Main main
INFO: Starting APP...
Feb 07, 2023 9:00:41 PM application.bookstore.Main loadData
INFO: Loading data Files...
Feb 07, 2023 9:00:41 PM application.bookstore.models.Skeleton getData
INFO: File data/users.ser not found, the file will be created when data is entered.
[java.base/java.io.FileInputStream.open0(Native Method), java.base/java.io.FileInputStream.open(FileInputStream.java:219), java.base/java.io.FileInputStream.<init>(FileInputStream.java:158), application.bookstore/application.bookstore.models.Skeleton.getData(BaseModel.java:18), application.bookstore/application.bookstore.models.User.getUsers(User.java:32), application.bookstore/application.bookstore.Main.loadData(Main.java:82), application.bookstore/application.bookstore.Main.main(Main.java:34), application.bookstore/application.bookstore.Main_.main(Main_.java:7)]
Feb 07, 2023 9:00:41 PM application.bookstore.models.Skeleton getData
INFO: File data/authors.ser not found, the file will be created when data is entered.
[java.base/java.io.FileInputStream.open0(Native Method), java.base/java.io.FileInputStream.open(FileInputStream.java:219), java.base/java.io.FileInputStream.<init>(FileInputStream.java:158), application.bookstore/application.bookstore.models.Skeleton.getData(BaseModel.java:18), application.bookstore/application.bookstore.models.Author.getAuthors(Author.java:24), application.bookstore/application.bookstore.Main.loadData(Main.java:83), application.bookstore/application.bookstore.Main.main(Main.java:34), application.bookstore/application.bookstore.Main_.main(Main_.java:7)]
Feb 07, 2023 9:00:41 PM application.bookstore.models.Skeleton getData
INFO: File data/books.ser not found, the file will be created when data is entered.
[java.base/java.io.FileInputStream.open0(Native Method), java.base/java.io.FileInputStream.open(FileInputStream.java:219), java.base/java.io.FileInputStream.<init>(FileInputStream.java:158), application.bookstore/application.bookstore.models.Skeleton.getData(BaseModel.java:18), application.bookstore/application.bookstore.models.Book.getBooks(Book.java:33), application.bookstore/application.bookstore.Main.loadData(Main.java:84), application.bookstore/application.bookstore.Main.main(Main.java:34), application.bookstore/application.bookstore.Main_.main(Main_.java:7)]
Feb 07, 2023 9:00:41 PM application.bookstore.models.Skeleton getData
INFO: File data/orders.ser not found, the file will be created when data is entered.
[java.base/java.io.FileInputStream.open0(Native Method), java.base/java.io.FileInputStream.open(FileInputStream.java:219), java.base/java.io.FileInputStream.<init>(FileInputStream.java:158), application.bookstore/application.bookstore.models.Skeleton.getData(BaseModel.java:18), application.bookstore/application.bookstore.models.Order.getOrders(Order.java:44), application.bookstore/application.bookstore.Main.loadData(Main.java:85), application.bookstore/application.bookstore.Main.main(Main.java:34), application.bookstore/application.bookstore.Main_.main(Main_.java:7)]
Feb 07, 2023 9:00:41 PM application.bookstore.Main createAdminAndData
INFO: Starting
Feb 07, 2023 9:00:41 PM application.bookstore.models.Skeleton getData
INFO: File data/users.ser not found, the file will be created when data is entered.
[java.base/java.io.FileInputStream.open0(Native Method), java.base/java.io.FileInputStream.open(FileInputStream.java:219), java.base/java.io.FileInputStream.<init>(FileInputStream.java:158), application.bookstore/application.bookstore.models.Skeleton.getData(BaseModel.java:18), application.bookstore/application.bookstore.models.User.getUsers(User.java:32), application.bookstore/application.bookstore.models.User.usernameExists(User.java:43), application.bookstore/application.bookstore.models.User.saveInFile(User.java:90), application.bookstore/application.bookstore.Main.createAdminAndData(Main.java:50), application.bookstore/application.bookstore.Main.main(Main.java:35), application.bookstore/application.bookstore.Main_.main(Main_.java:7)]
Feb 07, 2023 9:00:41 PM application.bookstore.Main createAdminAndData
INFO: 1
Feb 07, 2023 9:00:41 PM application.bookstore.Main createAdminAndData
INFO: 1
Feb 07, 2023 9:00:41 PM application.bookstore.Main createAdminAndData
INFO: 1
Feb 07, 2023 9:01:16 PM application.bookstore.controllers.LoginController lambda$addListener$1
INFO: Logged in with user: 
User{
	"username": admin,
	"password": ******,
	"role": ADMIN
}
Feb 07, 2023 9:01:45 PM application.bookstore.models.Order print
INFO: [java.base/java.io.FileOutputStream.open0(Native Method), java.base/java.io.FileOutputStream.open(FileOutputStream.java:295), java.base/java.io.FileOutputStream.<init>(FileOutputStream.java:236), java.base/java.io.FileOutputStream.<init>(FileOutputStream.java:185), java.base/java.io.PrintWriter.<init>(PrintWriter.java:316), application.bookstore/application.bookstore.models.Order.print(Order.java:69), application.bookstore/application.bookstore.ui.PrintWindow.lambda$new$1(PrintWindow.java:63), javafx.base/com.sun.javafx.event.CompositeEventHandler.dispatchBubblingEvent(CompositeEventHandler.java:86), javafx.base/com.sun.javafx.event.EventHandlerManager.dispatchBubblingEvent(EventHandlerManager.java:234), javafx.base/com.sun.javafx.event.EventHandlerManager.dispatchBubblingEvent(EventHandlerManager.java:191), javafx.base/com.sun.javafx.event.CompositeEventDispatcher.dispatchBubblingEvent(CompositeEventDispatcher.java:59), javafx.base/com.sun.javafx.event.BasicEventDispatcher.dispatchEvent(BasicEventDispatcher.java:58), javafx.base/com.sun.javafx.event.EventDispatchChainImpl.dispatchEvent(EventDispatchChainImpl.java:114), javafx.base/com.sun.javafx.event.BasicEventDispatcher.dispatchEvent(BasicEventDispatcher.java:56), javafx.base/com.sun.javafx.event.EventDispatchChainImpl.dispatchEvent(EventDispatchChainImpl.java:114), javafx.base/com.sun.javafx.event.BasicEventDispatcher.dispatchEvent(BasicEventDispatcher.java:56), javafx.base/com.sun.javafx.event.EventDispatchChainImpl.dispatchEvent(EventDispatchChainImpl.java:114), javafx.base/com.sun.javafx.event.BasicEventDispatcher.dispatchEvent(BasicEventDispatcher.java:56), javafx.base/com.sun.javafx.event.EventDispatchChainImpl.dispatchEvent(EventDispatchChainImpl.java:114), javafx.base/com.sun.javafx.event.EventUtil.fireEventImpl(EventUtil.java:74), javafx.base/com.sun.javafx.event.EventUtil.fireEvent(EventUtil.java:54), javafx.base/javafx.event.Event.fireEvent(Event.java:198), javafx.graphics/javafx.scene.Scene$MouseHandler.process(Scene.java:3861), javafx.graphics/javafx.scene.Scene.processMouseEvent(Scene.java:1854), javafx.graphics/javafx.scene.Scene$ScenePeerListener.mouseEvent(Scene.java:2587), javafx.graphics/com.sun.javafx.tk.quantum.GlassViewEventHandler$MouseEventNotification.run(GlassViewEventHandler.java:409), javafx.graphics/com.sun.javafx.tk.quantum.GlassViewEventHandler$MouseEventNotification.run(GlassViewEventHandler.java:299), java.base/java.security.AccessController.doPrivileged(AccessController.java:399), javafx.graphics/com.sun.javafx.tk.quantum.GlassViewEventHandler.lambda$handleMouseEvent$2(GlassViewEventHandler.java:447), javafx.graphics/com.sun.javafx.tk.quantum.QuantumToolkit.runWithoutRenderLock(QuantumToolkit.java:413), javafx.graphics/com.sun.javafx.tk.quantum.GlassViewEventHandler.handleMouseEvent(GlassViewEventHandler.java:446), javafx.graphics/com.sun.glass.ui.View.handleMouseEvent(View.java:556), javafx.graphics/com.sun.glass.ui.View.notifyMouse(View.java:942), javafx.graphics/com.sun.glass.ui.gtk.GtkApplication._runLoop(Native Method), javafx.graphics/com.sun.glass.ui.gtk.GtkApplication.lambda$runLoop$11(GtkApplication.java:277), java.base/java.lang.Thread.run(Thread.java:1589)]
